1599133565566	geckodriver	INFO	Listening on 127.0.0.1:63011
1599134043264	geckodriver	INFO	Listening on 127.0.0.1:63125
1599134044247	mozrunner::runner	INFO	Running command: "C:\\Program Files\\Mozilla Firefox\\firefox.exe" "--marionette" "-foreground" "-no-remote" "-profile" "C:\\Users\\elias\\AppData\\Local\\Temp\\rust_mozprofile24fanj"
JavaScript error: resource://gre/modules/XULStore.jsm, line 66: Error: Can't find profile directory.
console.error: SearchCache: "_readCacheFile: Error reading cache file:" (new Error("", "(unknown module)"))
1599134046265	Marionette	INFO	Listening on port 63132
1599134046358	Marionette	WARN	TLS certificate errors will be ignored for this session
1599134058754	Marionette	INFO	Stopped listening on port 63132

###!!! [Child][RunMessage] Error: Channel closing: too late to send/recv, messages will be lost


###!!! [Child][MessageChannel::SendAndWait] Error: Channel error: cannot send/recv

1599134088006	geckodriver	INFO	Listening on 127.0.0.1:63169
1599134089021	mozrunner::runner	INFO	Running command: "C:\\Program Files\\Mozilla Firefox\\firefox.exe" "--marionette" "-foreground" "-no-remote" "-profile" "C:\\Users\\elias\\AppData\\Local\\Temp\\rust_mozprofiledDLdKO"
JavaScript error: resource://gre/modules/XULStore.jsm, line 66: Error: Can't find profile directory.
console.error: SearchCache: "_readCacheFile: Error reading cache file:" (new Error("", "(unknown module)"))
1599134091013	Marionette	INFO	Listening on port 63175
1599134091040	Marionette	WARN	TLS certificate errors will be ignored for this session
1599134092832	Marionette	INFO	Stopped listening on port 63175

###!!! [Child][RunMessage] Error: Channel closing: too late to send/recv, messages will be lost


###!!! [Child][MessageChannel::SendAndWait] Error: Channel error: cannot send/recv

1599134118368	geckodriver	INFO	Listening on 127.0.0.1:63221
1599134119382	mozrunner::runner	INFO	Running command: "C:\\Program Files\\Mozilla Firefox\\firefox.exe" "--marionette" "-foreground" "-no-remote" "-profile" "C:\\Users\\elias\\AppData\\Local\\Temp\\rust_mozprofile1wIRJC"
JavaScript error: resource://gre/modules/XULStore.jsm, line 66: Error: Can't find profile directory.
console.error: SearchCache: "_readCacheFile: Error reading cache file:" (new Error("", "(unknown module)"))
1599134121374	Marionette	INFO	Listening on port 63227
1599134121389	Marionette	WARN	TLS certificate errors will be ignored for this session
1599134126029	Marionette	INFO	Stopped listening on port 63227

###!!! [Child][RunMessage] Error: Channel closing: too late to send/recv, messages will be lost


###!!! [Child][MessageChannel::SendAndWait] Error: Channel error: cannot send/recv

1599134139264	geckodriver	INFO	Listening on 127.0.0.1:63260
1599134140279	mozrunner::runner	INFO	Running command: "C:\\Program Files\\Mozilla Firefox\\firefox.exe" "--marionette" "-foreground" "-no-remote" "-profile" "C:\\Users\\elias\\AppData\\Local\\Temp\\rust_mozprofilebjkB3f"
JavaScript error: resource://gre/modules/XULStore.jsm, line 66: Error: Can't find profile directory.
console.error: SearchCache: "_readCacheFile: Error reading cache file:" (new Error("", "(unknown module)"))
1599134142253	Marionette	INFO	Listening on port 63266
1599134142284	Marionette	WARN	TLS certificate errors will be ignored for this session
1599134148021	Marionette	INFO	Stopped listening on port 63266

###!!! [Child][RunMessage] Error: Channel closing: too late to send/recv, messages will be lost


###!!! [Child][MessageChannel::SendAndWait] Error: Channel error: cannot send/recv

1599134198208	geckodriver	INFO	Listening on 127.0.0.1:63310
1599134201227	mozrunner::runner	INFO	Running command: "C:\\Program Files\\Mozilla Firefox\\firefox.exe" "--marionette" "-foreground" "-no-remote" "-profile" "C:\\Users\\elias\\AppData\\Local\\Temp\\rust_mozprofileSv54o5"
JavaScript error: resource://gre/modules/XULStore.jsm, line 66: Error: Can't find profile directory.
console.error: SearchCache: "_readCacheFile: Error reading cache file:" (new Error("", "(unknown module)"))
1599134203204	Marionette	INFO	Listening on port 63319
1599134203236	Marionette	WARN	TLS certificate errors will be ignored for this session
1599134204559	Marionette	INFO	Stopped listening on port 63319

###!!! [Child][RunMessage] Error: Channel closing: too late to send/recv, messages will be lost


###!!! [Child][MessageChannel::SendAndWait] Error: Channel error: cannot send/recv

1599134256461	geckodriver	INFO	Listening on 127.0.0.1:63360
1599134256487	mozrunner::runner	INFO	Running command: "/usr/bin/firefox" "--marionette" "-foreground" "-no-remote" "-profile" "/tmp/rust_mozprofileZnWz55"
Error: no DISPLAY environment variable specified
1599134287524	geckodriver	INFO	Listening on 127.0.0.1:63369
1599134288538	mozrunner::runner	INFO	Running command: "C:\\Program Files\\Mozilla Firefox\\firefox.exe" "--marionette" "-foreground" "-no-remote" "-profile" "C:\\Users\\elias\\AppData\\Local\\Temp\\rust_mozprofileZJXGMe"
JavaScript error: resource://gre/modules/XULStore.jsm, line 66: Error: Can't find profile directory.
console.error: SearchCache: "_readCacheFile: Error reading cache file:" (new Error("", "(unknown module)"))
1599134290585	Marionette	INFO	Listening on port 63375
1599134290647	Marionette	WARN	TLS certificate errors will be ignored for this session
Marionette threw an error: TypeError: this.curBrowser.contentBrowser is null
GeckoDriver.prototype.navigateTo@chrome://marionette/content/driver.js:1227:3

1599134299323	Marionette	INFO	Stopped listening on port 63375

###!!! [Child][RunMessage] Error: Channel closing: too late to send/recv, messages will be lost


###!!! [Child][MessageChannel::SendAndWait] Error: Channel error: cannot send/recv

1599134301666	geckodriver	INFO	Listening on 127.0.0.1:63408
1599134304684	mozrunner::runner	INFO	Running command: "C:\\Program Files\\Mozilla Firefox\\firefox.exe" "--marionette" "-foreground" "-no-remote" "-profile" "C:\\Users\\elias\\AppData\\Local\\Temp\\rust_mozprofile83nQfU"
JavaScript error: resource://gre/modules/XULStore.jsm, line 66: Error: Can't find profile directory.
console.error: SearchCache: "_readCacheFile: Error reading cache file:" (new Error("", "(unknown module)"))
1599134306701	Marionette	INFO	Listening on port 63416
1599134306795	Marionette	WARN	TLS certificate errors will be ignored for this session
1599134308115	Marionette	INFO	Stopped listening on port 63416

###!!! [Child][RunMessage] Error: Channel closing: too late to send/recv, messages will be lost


###!!! [Child][MessageChannel::SendAndWait] Error: Channel error: cannot send/recv

1599134412571	geckodriver	INFO	Listening on 127.0.0.1:63459
1599134415589	mozrunner::runner	INFO	Running command: "C:\\Program Files\\Mozilla Firefox\\firefox.exe" "--marionette" "-foreground" "-no-remote" "-profile" "C:\\Users\\elias\\AppData\\Local\\Temp\\rust_mozprofilebohiB3"
JavaScript error: resource://gre/modules/XULStore.jsm, line 66: Error: Can't find profile directory.
console.error: SearchCache: "_readCacheFile: Error reading cache file:" (new Error("", "(unknown module)"))
1599134417547	Marionette	INFO	Listening on port 63467
1599134417596	Marionette	WARN	TLS certificate errors will be ignored for this session
1599134418974	Marionette	INFO	Stopped listening on port 63467

###!!! [Child][RunMessage] Error: Channel closing: too late to send/recv, messages will be lost


###!!! [Child][MessageChannel::SendAndWait] Error: Channel error: cannot send/recv

1599134521127	geckodriver	INFO	Listening on 127.0.0.1:63541
1599134524145	mozrunner::runner	INFO	Running command: "C:\\Program Files\\Mozilla Firefox\\firefox.exe" "--marionette" "-foreground" "-no-remote" "-profile" "C:\\Users\\elias\\AppData\\Local\\Temp\\rust_mozprofileCHodeJ"
JavaScript error: resource://gre/modules/XULStore.jsm, line 66: Error: Can't find profile directory.
console.error: SearchCache: "_readCacheFile: Error reading cache file:" (new Error("", "(unknown module)"))
1599134526090	Marionette	INFO	Listening on port 63550
1599134526155	Marionette	WARN	TLS certificate errors will be ignored for this session
1599134527520	Marionette	INFO	Stopped listening on port 63550

###!!! [Child][RunMessage] Error: Channel closing: too late to send/recv, messages will be lost


###!!! [Child][MessageChannel::SendAndWait] Error: Channel error: cannot send/recv

1599134545729	geckodriver	INFO	Listening on 127.0.0.1:63594
1599134548743	mozrunner::runner	INFO	Running command: "C:\\Program Files\\Mozilla Firefox\\firefox.exe" "--marionette" "-foreground" "-no-remote" "-profile" "C:\\Users\\elias\\AppData\\Local\\Temp\\rust_mozprofilebFXm3g"
JavaScript error: resource://gre/modules/XULStore.jsm, line 66: Error: Can't find profile directory.
console.error: SearchCache: "_readCacheFile: Error reading cache file:" (new Error("", "(unknown module)"))
1599134550708	Marionette	INFO	Listening on port 63603
1599134550760	Marionette	WARN	TLS certificate errors will be ignored for this session

###!!! [Child][RunMessage] Error: Channel closing: too late to send/recv, messages will be lost

1599134552117	Marionette	INFO	Stopped listening on port 63603

###!!! [Child][RunMessage] Error: Channel closing: too late to send/recv, messages will be lost


###!!! [Child][MessageChannel::SendAndWait] Error: Channel error: cannot send/recv

1599134672190	geckodriver	INFO	Listening on 127.0.0.1:63656
1599134675209	mozrunner::runner	INFO	Running command: "C:\\Program Files\\Mozilla Firefox\\firefox.exe" "--marionette" "-foreground" "-no-remote" "-profile" "C:\\Users\\elias\\AppData\\Local\\Temp\\rust_mozprofileEoR4Az"
JavaScript error: resource://gre/modules/XULStore.jsm, line 66: Error: Can't find profile directory.
console.error: SearchCache: "_readCacheFile: Error reading cache file:" (new Error("", "(unknown module)"))
1599134677170	Marionette	INFO	Listening on port 63665
1599134677215	Marionette	WARN	TLS certificate errors will be ignored for this session
1599134694789	Marionette	INFO	Stopped listening on port 63665

###!!! [Child][RunMessage] Error: Channel closing: too late to send/recv, messages will be lost


###!!! [Child][MessageChannel::SendAndWait] Error: Channel error: cannot send/recv

1599134714417	geckodriver	INFO	Listening on 127.0.0.1:63696
1599134717435	mozrunner::runner	INFO	Running command: "C:\\Program Files\\Mozilla Firefox\\firefox.exe" "--marionette" "-foreground" "-no-remote" "-profile" "C:\\Users\\elias\\AppData\\Local\\Temp\\rust_mozprofilekBAToh"
JavaScript error: resource://gre/modules/XULStore.jsm, line 66: Error: Can't find profile directory.
console.error: SearchCache: "_readCacheFile: Error reading cache file:" (new Error("", "(unknown module)"))
1599134719373	Marionette	INFO	Listening on port 63705
1599134719451	Marionette	WARN	TLS certificate errors will be ignored for this session
1599134720826	Marionette	INFO	Stopped listening on port 63705

###!!! [Child][RunMessage] Error: Channel closing: too late to send/recv, messages will be lost


###!!! [Child][MessageChannel::SendAndWait] Error: Channel error: cannot send/recv

1599134962366	geckodriver	INFO	Listening on 127.0.0.1:63767
1599134965383	mozrunner::runner	INFO	Running command: "C:\\Program Files\\Mozilla Firefox\\firefox.exe" "--marionette" "-foreground" "-no-remote" "-profile" "C:\\Users\\elias\\AppData\\Local\\Temp\\rust_mozprofileSiuWBs"
JavaScript error: resource://gre/modules/XULStore.jsm, line 66: Error: Can't find profile directory.
console.error: SearchCache: "_readCacheFile: Error reading cache file:" (new Error("", "(unknown module)"))
1599134967367	Marionette	INFO	Listening on port 63775
1599134967392	Marionette	WARN	TLS certificate errors will be ignored for this session
1599134969059	Marionette	INFO	Stopped listening on port 63775

###!!! [Child][RunMessage] Error: Channel closing: too late to send/recv, messages will be lost


###!!! [Child][MessageChannel::SendAndWait] Error: Channel error: cannot send/recv

1599135209053	geckodriver	INFO	Listening on 127.0.0.1:63855
1599135212070	mozrunner::runner	INFO	Running command: "C:\\Program Files\\Mozilla Firefox\\firefox.exe" "--marionette" "-foreground" "-no-remote" "-profile" "C:\\Users\\elias\\AppData\\Local\\Temp\\rust_mozprofileCdm9dQ"
JavaScript error: resource://gre/modules/XULStore.jsm, line 66: Error: Can't find profile directory.
console.error: SearchCache: "_readCacheFile: Error reading cache file:" (new Error("", "(unknown module)"))
1599135214148	Marionette	INFO	Listening on port 63863
1599135214188	Marionette	WARN	TLS certificate errors will be ignored for this session
1599135216221	Marionette	INFO	Stopped listening on port 63863

###!!! [Child][RunMessage] Error: Channel closing: too late to send/recv, messages will be lost


###!!! [Child][MessageChannel::SendAndWait] Error: Channel error: cannot send/recv

1599135428649	geckodriver	INFO	Listening on 127.0.0.1:64003
1599135431667	mozrunner::runner	INFO	Running command: "C:\\Program Files\\Mozilla Firefox\\firefox.exe" "--marionette" "-foreground" "-no-remote" "-profile" "C:\\Users\\elias\\AppData\\Local\\Temp\\rust_mozprofile3seGHl"
JavaScript error: resource://gre/modules/XULStore.jsm, line 66: Error: Can't find profile directory.
console.error: SearchCache: "_readCacheFile: Error reading cache file:" (new Error("", "(unknown module)"))
1599135433605	Marionette	INFO	Listening on port 64012
1599135433674	Marionette	WARN	TLS certificate errors will be ignored for this session
1599135435639	Marionette	INFO	Stopped listening on port 64012

###!!! [Child][RunMessage] Error: Channel closing: too late to send/recv, messages will be lost


###!!! [Child][MessageChannel::SendAndWait] Error: Channel error: cannot send/recv

1599135627757	geckodriver	INFO	Listening on 127.0.0.1:64156
1599135630775	mozrunner::runner	INFO	Running command: "C:\\Program Files\\Mozilla Firefox\\firefox.exe" "--marionette" "-foreground" "-no-remote" "-profile" "C:\\Users\\elias\\AppData\\Local\\Temp\\rust_mozprofileDSFRXz"
JavaScript error: resource://gre/modules/XULStore.jsm, line 66: Error: Can't find profile directory.
console.error: SearchCache: "_readCacheFile: Error reading cache file:" (new Error("", "(unknown module)"))
1599135632725	Marionette	INFO	Listening on port 64167
1599135632781	Marionette	WARN	TLS certificate errors will be ignored for this session
1599135634760	Marionette	INFO	Stopped listening on port 64167

###!!! [Child][RunMessage] Error: Channel closing: too late to send/recv, messages will be lost


###!!! [Child][MessageChannel::SendAndWait] Error: Channel error: cannot send/recv

1599135864933	geckodriver	INFO	Listening on 127.0.0.1:64331
1599135867950	mozrunner::runner	INFO	Running command: "C:\\Program Files\\Mozilla Firefox\\firefox.exe" "--marionette" "-foreground" "-no-remote" "-profile" "C:\\Users\\elias\\AppData\\Local\\Temp\\rust_mozprofilehThtWR"
JavaScript error: resource://gre/modules/XULStore.jsm, line 66: Error: Can't find profile directory.
console.error: SearchCache: "_readCacheFile: Error reading cache file:" (new Error("", "(unknown module)"))
1599135869894	Marionette	INFO	Listening on port 64341
1599135869956	Marionette	WARN	TLS certificate errors will be ignored for this session
1599135871968	Marionette	INFO	Stopped listening on port 64341

###!!! [Child][RunMessage] Error: Channel closing: too late to send/recv, messages will be lost


###!!! [Child][MessageChannel::SendAndWait] Error: Channel error: cannot send/recv

